<?xml version="1.0" encoding="UTF-8"?>
<robot generator="Robot 3.2.2 (Python 3.7.0 on win32)" generated="20210225 23:25:42.122" rpa="false">
<suite id="s1" name="Facebook" source="C:\Users\ASUS\Desktop\Learning\Year3 ss2\Software_EN\Asst1\robotframework\facebook.robot">
<test id="s1-t1" name="Open Facebook Page">
<kw name="Open Browser" library="SeleniumLibrary">
<doc>Opens a new browser instance to the optional ``url``.</doc>
<arguments>
<arg>${HOMEPAGE}</arg>
<arg>${BROWSER}</arg>
</arguments>
<msg timestamp="20210225 23:25:42.440" level="INFO">Opening browser 'chrome' to base url 'https://www.facebook.com/'.</msg>
<status status="PASS" starttime="20210225 23:25:42.440" endtime="20210225 23:25:45.853"></status>
</kw>
<kw name="Title Should Be" library="SeleniumLibrary">
<doc>Verifies that the current page title equals ``title``.</doc>
<arguments>
<arg>Facebook - เข้าสู่ระบบหรือสมัครใช้งาน</arg>
</arguments>
<msg timestamp="20210225 23:25:45.860" level="INFO">Page title is 'Facebook - เข้าสู่ระบบหรือสมัครใช้งาน'.</msg>
<status status="PASS" starttime="20210225 23:25:45.854" endtime="20210225 23:25:45.860"></status>
</kw>
<kw name="Close Browser" library="SeleniumLibrary">
<doc>Closes the current browser.</doc>
<status status="PASS" starttime="20210225 23:25:45.861" endtime="20210225 23:25:48.027"></status>
</kw>
<status status="PASS" starttime="20210225 23:25:42.438" endtime="20210225 23:25:48.028" critical="yes"></status>
</test>
<status status="PASS" starttime="20210225 23:25:42.124" endtime="20210225 23:25:48.032"></status>
</suite>
<statistics>
<total>
<stat pass="1" fail="0">Critical Tests</stat>
<stat pass="1" fail="0">All Tests</stat>
</total>
<tag>
</tag>
<suite>
<stat pass="1" fail="0" id="s1" name="Facebook">Facebook</stat>
</suite>
</statistics>
<errors>
</errors>
</robot>
